<?xml version="1.0" encoding="UTF-8"?>
<!-- Generated by org.testng.reporters.JUnitReportReporter -->
<testsuite hostname="jhanuu" name="com.presta.tests.SmokeTest" tests="3" failures="0" timestamp="27 Mar 2018 00:03:40 GMT" time="16.544" errors="0">
  <testcase name="login_Negative" time="9.978" classname="com.presta.tests.SmokeTest"/>
  <testcase name="alogin_Positive" time="1.428" classname="com.presta.tests.SmokeTest"/>
  <testcase name="searchProduct" time="5.138" classname="com.presta.tests.SmokeTest"/>
</testsuite> <!-- com.presta.tests.SmokeTest -->
